python main_ce.py --batch_size 32 --learning_rate 0.8 --cosine  --model resnet18 --print_freq 100 --epochs 20
-------------------------------------------------------------------------------------------------------------
 * Acc@1 17.370
 * Acc@1 29.030
 * Acc@1 33.320
 * Acc@1 36.010
 * Acc@1 32.510
 * Acc@1 39.680
 * Acc@1 50.440
 * Acc@1 51.020
 * Acc@1 46.750
 * Acc@1 55.670
 * Acc@1 58.770
 * Acc@1 54.990
 * Acc@1 61.360
 * Acc@1 66.160
 * Acc@1 70.540
 * Acc@1 73.910
 * Acc@1 77.810
 * Acc@1 79.140
 * Acc@1 80.590
 * Acc@1 81.700
==> Saving...
best accuracy: 81.70

 --print_freq 200 
-----------------
 * Acc@1 10.000
 * Acc@1 9.980
 * Acc@1 10.060
 * Acc@1 10.000
 * Acc@1 22.190
 * Acc@1 24.230
 * Acc@1 20.900
 * Acc@1 29.170
 * Acc@1 16.160
 * Acc@1 32.970
 * Acc@1 37.610
 * Acc@1 31.480
 * Acc@1 36.950
 * Acc@1 42.270
 * Acc@1 50.640
 * Acc@1 52.210
 * Acc@1 58.610
 * Acc@1 62.610
 * Acc@1 64.610
best accuracy: 65.05

-----------------
python main_ce.py --batch_size 32 --learning_rate 0.8 --cosine  --model resnet18 --epochs 1 --print_freq 100
best accuracy: 44.05

python main_ce.py --batch_size 32 --learning_rate 0.8 --cosine  --model resnet18 --epochs 1 --print_freq 200
best accuracy: 45.98

python main_ce.py --batch_size 32 --learning_rate 0.8 --cosine  --model resnet18 --epochs 1 --print_freq 200
best accuracy: 45.80