
SupConResNet(resnet18, mlp)
Train: [1][200/1563]    BT 0.050 (0.188)        DT 0.000 (0.129)        loss 5.788 (5.860)
Train: [1][400/1563]    BT 0.050 (0.119)        DT 0.000 (0.065)        loss 5.495 (5.721)
Train: [1][600/1563]    BT 0.053 (0.096)        DT 0.000 (0.043)        loss 5.195 (5.638)
Train: [1][800/1563]    BT 0.054 (0.085)        DT 0.000 (0.032)        loss 5.668 (5.590)
Train: [1][1000/1563]   BT 0.051 (0.078)        DT 0.000 (0.026)        loss 5.505 (5.557)
Train: [1][1200/1563]   BT 0.050 (0.074)        DT 0.000 (0.022)        loss 5.643 (5.533)
Train: [1][1400/1563]   BT 0.050 (0.070)        DT 0.000 (0.019)        loss 5.271 (5.509)
epoch 1, total time 107.17
Train: [2][200/1563]    BT 0.050 (0.186)        DT 0.000 (0.135)        loss 5.248 (5.403)
Train: [2][400/1563]    BT 0.052 (0.119)        DT 0.001 (0.068)        loss 5.627 (5.397)
Train: [2][600/1563]    BT 0.050 (0.096)        DT 0.000 (0.045)        loss 5.093 (5.386)
Train: [2][800/1563]    BT 0.052 (0.085)        DT 0.000 (0.034)        loss 5.610 (5.383)
Train: [2][1000/1563]   BT 0.054 (0.078)        DT 0.000 (0.027)        loss 5.422 (5.377)
Train: [2][1200/1563]   BT 0.052 (0.074)        DT 0.001 (0.023)        loss 5.242 (5.372)
Train: [2][1400/1563]   BT 0.052 (0.071)        DT 0.000 (0.019)        loss 5.875 (5.366)

epoch 19, total time 108.16
Train: [20][200/1563]   BT 0.051 (0.176)        DT 0.000 (0.125)        loss 3.047 (1.666)
Train: [20][400/1563]   BT 0.049 (0.114)        DT 0.000 (0.063)        loss 1.961 (1.682)
Train: [20][600/1563]   BT 0.054 (0.093)        DT 0.000 (0.042)        loss 1.813 (1.670)
Train: [20][800/1563]   BT 0.054 (0.084)        DT 0.001 (0.031)        loss 1.528 (1.669)
Train: [20][1000/1563]  BT 0.057 (0.078)        DT 0.000 (0.025)        loss 1.803 (1.676)
Train: [20][1200/1563]  BT 0.054 (0.074)        DT 0.000 (0.021)        loss 1.906 (1.671)
Train: [20][1400/1563]  BT 0.054 (0.071)        DT 0.001 (0.018)        loss 2.219 (1.671)
epoch 20, total time 108.18