main_supcon.py --batch_size 64 --learning_rate 0.5 --temp 0.1 --cosine --method SimCLR --model resnet18 --dataset cifar10 --print_freq 200 --epochs 20
------------------------------------
SupConResNet(resnet18, mlp)
Train: [1][200/782]     BT 0.087 (0.227)        DT 0.000 (0.121)        loss 6.448 (6.739)
Train: [1][400/782]     BT 0.089 (0.157)        DT 0.000 (0.061)        loss 6.643 (6.586)
Train: [1][600/782]     BT 0.089 (0.134)        DT 0.000 (0.040)        loss 6.346 (6.505)
epoch 1, total time 97.46
Train: [2][200/782]     BT 0.089 (0.218)        DT 0.001 (0.130)        loss 6.254 (6.318)
Train: [2][400/782]     BT 0.088 (0.154)        DT 0.001 (0.065)        loss 6.381 (6.296)
Train: [2][600/782]     BT 0.091 (0.132)        DT 0.001 (0.043)        loss 6.370 (6.278)
epoch 2, total time 95.92
Train: [3][200/782]     BT 0.089 (0.216)        DT 0.000 (0.127)        loss 6.034 (6.211)
Train: [3][400/782]     BT 0.090 (0.153)        DT 0.000 (0.064)        loss 6.417 (6.183)
Train: [3][600/782]     BT 0.090 (0.131)        DT 0.000 (0.042)        loss 6.121 (6.169)
epoch 3, total time 95.51
Train: [4][200/782]     BT 0.090 (0.215)        DT 0.001 (0.127)        loss 6.246 (6.047)
Train: [4][400/782]     BT 0.091 (0.152)        DT 0.000 (0.063)        loss 6.166 (6.023)
Train: [4][600/782]     BT 0.092 (0.132)        DT 0.000 (0.042)        loss 5.333 (5.904)
epoch 4, total time 95.93
Train: [5][200/782]     BT 0.088 (0.215)        DT 0.000 (0.127)        loss 5.519 (5.379)
Train: [5][400/782]     BT 0.088 (0.152)        DT 0.000 (0.063)        loss 5.546 (5.365)
Train: [5][600/782]     BT 0.093 (0.132)        DT 0.000 (0.042)        loss 5.231 (5.336)
epoch 5, total time 96.23
Train: [6][200/782]     BT 0.090 (0.215)        DT 0.000 (0.126)        loss 4.399 (5.028)
Train: [6][400/782]     BT 0.090 (0.152)        DT 0.000 (0.063)        loss 4.432 (4.892)
Train: [6][600/782]     BT 0.096 (0.132)        DT 0.001 (0.042)        loss 4.768 (4.836)
epoch 6, total time 96.42
Train: [7][200/782]     BT 0.091 (0.216)        DT 0.001 (0.127)        loss 3.630 (4.269)
Train: [7][400/782]     BT 0.088 (0.153)        DT 0.000 (0.063)        loss 4.174 (4.182)
Train: [7][600/782]     BT 0.090 (0.132)        DT 0.000 (0.042)        loss 4.488 (4.127)
epoch 7, total time 96.53
Train: [8][200/782]     BT 0.087 (0.215)        DT 0.000 (0.126)        loss 3.274 (3.738)
Train: [8][400/782]     BT 0.088 (0.152)        DT 0.000 (0.063)        loss 3.341 (3.614)
Train: [8][600/782]     BT 0.092 (0.132)        DT 0.000 (0.042)        loss 3.269 (3.569)
epoch 8, total time 96.49
Train: [9][200/782]     BT 0.088 (0.215)        DT 0.000 (0.126)        loss 3.386 (3.375)
Train: [9][400/782]     BT 0.089 (0.153)        DT 0.000 (0.063)        loss 3.338 (3.289)
Train: [9][600/782]     BT 0.094 (0.132)        DT 0.000 (0.042)        loss 3.171 (3.268)
epoch 9, total time 96.59
Train: [10][200/782]    BT 0.088 (0.221)        DT 0.000 (0.132)        loss 2.808 (3.143)
Train: [10][400/782]    BT 0.090 (0.155)        DT 0.000 (0.066)        loss 2.832 (3.130)
Train: [10][600/782]    BT 0.095 (0.134)        DT 0.000 (0.044)        loss 2.573 (3.102)
epoch 10, total time 97.82
Train: [11][200/782]    BT 0.090 (0.216)        DT 0.000 (0.127)        loss 2.510 (2.994)
Train: [11][400/782]    BT 0.091 (0.153)        DT 0.000 (0.063)        loss 2.789 (2.967)
Train: [11][600/782]    BT 0.094 (0.133)        DT 0.001 (0.042)        loss 2.682 (2.972)
epoch 11, total time 96.87
Train: [12][200/782]    BT 0.090 (0.217)        DT 0.001 (0.128)        loss 3.047 (2.887)
Train: [12][400/782]    BT 0.094 (0.154)        DT 0.000 (0.064)        loss 2.889 (2.889)
Train: [12][600/782]    BT 0.093 (0.133)        DT 0.001 (0.043)        loss 2.904 (2.873)
epoch 12, total time 97.23
Train: [13][200/782]    BT 0.090 (0.217)        DT 0.000 (0.128)        loss 3.005 (2.786)
Train: [13][400/782]    BT 0.092 (0.153)        DT 0.000 (0.064)        loss 2.889 (2.757)
Train: [13][600/782]    BT 0.097 (0.133)        DT 0.000 (0.043)        loss 2.711 (2.749)
epoch 13, total time 97.16
Train: [14][200/782]    BT 0.092 (0.217)        DT 0.000 (0.128)        loss 2.827 (2.651)
Train: [14][400/782]    BT 0.095 (0.154)        DT 0.000 (0.064)        loss 2.844 (2.656)
Train: [14][600/782]    BT 0.096 (0.133)        DT 0.000 (0.043)        loss 2.355 (2.640)
epoch 14, total time 97.25
Train: [15][200/782]    BT 0.091 (0.217)        DT 0.001 (0.128)        loss 2.265 (2.545)
Train: [15][400/782]    BT 0.091 (0.154)        DT 0.000 (0.064)        loss 2.404 (2.536)
Train: [15][600/782]    BT 0.097 (0.133)        DT 0.001 (0.043)        loss 2.587 (2.545)
epoch 15, total time 97.17
Train: [16][200/782]    BT 0.090 (0.218)        DT 0.001 (0.129)        loss 2.559 (2.487)
Train: [16][400/782]    BT 0.092 (0.154)        DT 0.000 (0.064)        loss 1.995 (2.465)
Train: [16][600/782]    BT 0.094 (0.134)        DT 0.000 (0.043)        loss 2.270 (2.453)
epoch 16, total time 97.43
Train: [17][200/782]    BT 0.089 (0.219)        DT 0.000 (0.130)        loss 2.213 (2.382)
Train: [17][400/782]    BT 0.090 (0.154)        DT 0.000 (0.065)        loss 2.424 (2.381)
Train: [17][600/782]    BT 0.094 (0.134)        DT 0.000 (0.043)        loss 1.697 (2.376)
epoch 17, total time 97.45
Train: [18][200/782]    BT 0.091 (0.218)        DT 0.000 (0.128)        loss 2.307 (2.309)
Train: [18][400/782]    BT 0.095 (0.154)        DT 0.000 (0.064)        loss 2.299 (2.302)
Train: [18][600/782]    BT 0.094 (0.134)        DT 0.000 (0.043)        loss 2.649 (2.300)
epoch 18, total time 97.35
Train: [19][200/782]    BT 0.086 (0.218)        DT 0.000 (0.129)        loss 3.040 (2.280)
Train: [19][400/782]    BT 0.090 (0.154)        DT 0.000 (0.065)        loss 3.486 (2.264)
Train: [19][600/782]    BT 0.093 (0.134)        DT 0.000 (0.043)        loss 2.652 (2.257)
epoch 19, total time 97.56
Train: [20][200/782]    BT 0.088 (0.217)        DT 0.000 (0.128)        loss 2.625 (2.203)
Train: [20][400/782]    BT 0.092 (0.154)        DT 0.000 (0.064)        loss 2.292 (2.216)
Train: [20][600/782]    BT 0.095 (0.134)        DT 0.000 (0.043)        loss 1.833 (2.221)

=> .\save\SupCon\cifar10_models\SimCLR-20Eb64.pth
